Unity Editor version:    2021.3.18f1 (3129e69bc0c7)
Branch:                  2021.3/staging
Build type:              Release
Batch mode:              YES
macOS version:           Version 13.2.1 (Build 22D68)
Darwin version:          22.3.0
Architecture:            arm64
Running under Rosetta:   NO
Available memory:        65536 MB
Using pre-set license
Pro License: YES

COMMAND LINE ARGUMENTS:
/Applications/Unity/Hub/Editor/2021.3.18f1/Unity.app/Contents/MacOS/Unity
-adb2
-batchMode
-noUpm
-name
AssetImportWorker0
-projectPath
/Users/pajsaraf/Documents/GitHub/MacRPG-TAB/MacRPG-TAB
-logFile
Logs/AssetImportWorker0.log
-srvPort
50451
Successfully changed project path to: /Users/pajsaraf/Documents/GitHub/MacRPG-TAB/MacRPG-TAB
/Users/pajsaraf/Documents/GitHub/MacRPG-TAB/MacRPG-TAB
[UnityMemory] Configuration Parameters - Can be set up in boot.config
    "memorysetup-bucket-allocator-granularity=16"
    "memorysetup-bucket-allocator-bucket-count=8"
    "memorysetup-bucket-allocator-block-size=33554432"
    "memorysetup-bucket-allocator-block-count=8"
    "memorysetup-main-allocator-block-size=16777216"
    "memorysetup-thread-allocator-block-size=16777216"
    "memorysetup-gfx-main-allocator-block-size=16777216"
    "memorysetup-gfx-thread-allocator-block-size=16777216"
    "memorysetup-cache-allocator-block-size=4194304"
    "memorysetup-typetree-allocator-block-size=2097152"
    "memorysetup-profiler-bucket-allocator-granularity=16"
    "memorysetup-profiler-bucket-allocator-bucket-count=8"
    "memorysetup-profiler-bucket-allocator-block-size=33554432"
    "memorysetup-profiler-bucket-allocator-block-count=8"
    "memorysetup-profiler-allocator-block-size=16777216"
    "memorysetup-profiler-editor-allocator-block-size=1048576"
    "memorysetup-temp-allocator-size-main=16777216"
    "memorysetup-job-temp-allocator-block-size=2097152"
    "memorysetup-job-temp-allocator-block-size-background=1048576"
    "memorysetup-job-temp-allocator-reduction-small-platforms=262144"
    "memorysetup-temp-allocator-size-background-worker=32768"
    "memorysetup-temp-allocator-size-job-worker=262144"
    "memorysetup-temp-allocator-size-preload-manager=33554432"
    "memorysetup-temp-allocator-size-nav-mesh-worker=65536"
    "memorysetup-temp-allocator-size-audio-worker=65536"
    "memorysetup-temp-allocator-size-cloud-worker=32768"
    "memorysetup-temp-allocator-size-gi-baking-worker=262144"
    "memorysetup-temp-allocator-size-gfx=262144"
Player connection [8162591040] Host "[IP] 192.168.2.10 [Port] 0 [Flags] 2 [Guid] 2356631307 [EditorId] 2356631307 [Version] 1048832 [Id] OSXEditor(0,MacBook-Pro-2.local) [Debug] 1 [PackageName] OSXEditor [ProjectName] Editor" joined multi-casting on [225.0.0.222:54997]...

Player connection [8162591040] Host "[IP] 192.168.2.10 [Port] 0 [Flags] 2 [Guid] 2356631307 [EditorId] 2356631307 [Version] 1048832 [Id] OSXEditor(0,MacBook-Pro-2.local) [Debug] 1 [PackageName] OSXEditor [ProjectName] Editor" joined alternative multi-casting on [225.0.0.222:34997]...

Refreshing native plugins compatible for Editor in 61.36 ms, found 2 plugins.
Preloading 0 native plugins for Editor in 0.00 ms.
Initialize engine version: 2021.3.18f1 (3129e69bc0c7)
[Subsystems] Discovering subsystems at path /Applications/Unity/Hub/Editor/2021.3.18f1/Unity.app/Contents/Resources/UnitySubsystems
[Subsystems] Discovering subsystems at path /Users/pajsaraf/Documents/GitHub/MacRPG-TAB/MacRPG-TAB/Assets
GfxDevice: creating device client; threaded=0; jobified=0
 preferred device: Apple M1 Max (high power)
Metal devices available: 1
0: Apple M1 Max (high power)
Using device Apple M1 Max (high power)
Initializing Metal device caps: Apple M1 Max
Initialize mono
Mono path[0] = '/Applications/Unity/Hub/Editor/2021.3.18f1/Unity.app/Contents/Managed'
Mono path[1] = '/Applications/Unity/Hub/Editor/2021.3.18f1/Unity.app/Contents/MonoBleedingEdge/lib/mono/unityjit-macos'
Mono config path = '/Applications/Unity/Hub/Editor/2021.3.18f1/Unity.app/Contents/MonoBleedingEdge/etc'
Using monoOptions --debugger-agent=transport=dt_socket,embedding=1,server=y,suspend=n,address=127.0.0.1:56748
Begin MonoManager ReloadAssembly
Registering precompiled unity dll's ...
Register platform support module: /Applications/Unity/Hub/Editor/2021.3.18f1/PlaybackEngines/WebGLSupport/UnityEditor.WebGL.Extensions.dll
Register platform support module: /Applications/Unity/Hub/Editor/2021.3.18f1/Unity.app/Contents/PlaybackEngines/MacStandaloneSupport/UnityEditor.OSXStandalone.Extensions.dll
Register platform support module: /Applications/Unity/Hub/Editor/2021.3.18f1/PlaybackEngines/iOSSupport/UnityEditor.iOS.Extensions.dll
Register platform support module: /Applications/Unity/Hub/Editor/2021.3.18f1/PlaybackEngines/AppleTVSupport/UnityEditor.AppleTV.Extensions.dll
Register platform support module: /Applications/Unity/Hub/Editor/2021.3.18f1/PlaybackEngines/WindowsStandaloneSupport/UnityEditor.WindowsStandalone.Extensions.dll
Registered in 0.000771 seconds.
Native extension for WindowsStandalone target not found
[usbmuxd] Start listen thread
[usbmuxd] Listen thread started
[usbmuxd] Send listen message
Native extension for AppleTV target not found
Native extension for iOS target not found
Native extension for OSXStandalone target not found
Native extension for WebGL target not found
Refreshing native plugins compatible for Editor in 62.92 ms, found 2 plugins.
Preloading 0 native plugins for Editor in 0.00 ms.
Mono: successfully reloaded assembly
- Completed reload, in  0.430 seconds
Domain Reload Profiling:
	ReloadAssembly (430ms)
		BeginReloadAssembly (26ms)
			ExecutionOrderSort (0ms)
			DisableScriptedObjects (0ms)
			BackupInstance (0ms)
			ReleaseScriptingObjects (0ms)
			CreateAndSetChildDomain (0ms)
		EndReloadAssembly (339ms)
			LoadAssemblies (25ms)
			RebuildTransferFunctionScriptingTraits (0ms)
			SetupTypeCache (66ms)
			ReleaseScriptCaches (0ms)
			RebuildScriptCaches (18ms)
			SetupLoadedEditorAssemblies (230ms)
				LogAssemblyErrors (0ms)
				InitializePlatformSupportModulesInManaged (63ms)
				SetLoadedEditorAssemblies (0ms)
				RefreshPlugins (63ms)
				BeforeProcessingInitializeOnLoad (1ms)
				ProcessInitializeOnLoadAttributes (81ms)
				ProcessInitializeOnLoadMethodAttributes (23ms)
				AfterProcessingInitializeOnLoad (0ms)
				EditorAssembliesLoaded (0ms)
			ExecutionOrderSort2 (0ms)
			AwakeInstancesAfterBackupRestoration (0ms)
Platform modules already initialized, skipping
Registering precompiled user dll's ...
Registered in 0.001295 seconds.
Begin MonoManager ReloadAssembly
Symbol file LoadedFromMemory doesn't match image /Users/pajsaraf/Documents/GitHub/MacRPG-TAB/MacRPG-TAB/Library/PackageCache/com.unity.visualscripting@1.8.0/Editor/VisualScripting.Core/Dependencies/YamlDotNet/Unity.VisualScripting.YamlDotNet.dll
Symbol file LoadedFromMemory doesn't match image /Users/pajsaraf/Documents/GitHub/MacRPG-TAB/MacRPG-TAB/Library/PackageCache/com.unity.visualscripting@1.8.0/Editor/VisualScripting.Core/Dependencies/DotNetZip/Unity.VisualScripting.IonicZip.dll
Native extension for WindowsStandalone target not found
Native extension for AppleTV target not found
Native extension for iOS target not found
Native extension for OSXStandalone target not found
Native extension for WebGL target not found
Refreshing native plugins compatible for Editor in 0.36 ms, found 2 plugins.
Preloading 0 native plugins for Editor in 0.00 ms.
Mono: successfully reloaded assembly
- Completed reload, in  0.575 seconds
Domain Reload Profiling:
	ReloadAssembly (576ms)
		BeginReloadAssembly (50ms)
			ExecutionOrderSort (0ms)
			DisableScriptedObjects (3ms)
			BackupInstance (0ms)
			ReleaseScriptingObjects (0ms)
			CreateAndSetChildDomain (15ms)
		EndReloadAssembly (460ms)
			LoadAssemblies (26ms)
			RebuildTransferFunctionScriptingTraits (0ms)
			SetupTypeCache (163ms)
			ReleaseScriptCaches (0ms)
			RebuildScriptCaches (31ms)
			SetupLoadedEditorAssemblies (211ms)
				LogAssemblyErrors (0ms)
				InitializePlatformSupportModulesInManaged (15ms)
				SetLoadedEditorAssemblies (0ms)
				RefreshPlugins (0ms)
				BeforeProcessingInitializeOnLoad (51ms)
				ProcessInitializeOnLoadAttributes (134ms)
				ProcessInitializeOnLoadMethodAttributes (10ms)
				AfterProcessingInitializeOnLoad (1ms)
				EditorAssembliesLoaded (0ms)
			ExecutionOrderSort2 (0ms)
			AwakeInstancesAfterBackupRestoration (2ms)
Platform modules already initialized, skipping
========================================================================
Worker process is ready to serve import requests
Launching external process: /Applications/Unity/Hub/Editor/2021.3.18f1/Unity.app/Contents/Tools/UnityShaderCompiler
Launched and connected shader compiler UnityShaderCompiler after 0.05 seconds
Refreshing native plugins compatible for Editor in 0.36 ms, found 2 plugins.
Preloading 0 native plugins for Editor in 0.00 ms.
Unloading 3049 Unused Serialized files (Serialized files now loaded: 0)
Unloading 24 unused Assets / (85.1 KB). Loaded Objects now: 3527.
Memory consumption went from 114.8 MB to 114.7 MB.
Total: 2.201250 ms (FindLiveObjects: 0.103000 ms CreateObjectMapping: 0.034708 ms MarkObjects: 2.004667 ms  DeleteObjects: 0.058375 ms)

AssetImportParameters requested are different than current active one (requested -> active):
  custom:video-decoder-ogg-theora: a1e56fd34408186e4bbccfd4996cb3dc -> 
  custom:container-muxer-webm: aa71ff27fc2769a1b78a27578f13a17b -> 
  custom:container-demuxer-webm: 4f35f7cbe854078d1ac9338744f61a02 -> 
  custom:video-encoder-webm-vp8: eb34c28f22e8b96e1ab97ce403110664 -> 
  custom:framework-osx-AVFoundation: e770b220cccbd017edd2c1fefb359320 -> 
  custom:audio-encoder-webm-vorbis: bf7c407c2cedff20999df2af8eb42d56 -> 
  custom:container-demuxer-ogg: 62fdf1f143b41e24485cea50d1cbac27 -> 
  custom:video-decoder-webm-vp8: 9c59270c3fd7afecdb556c50c9e8de78 -> 
  custom:audio-decoder-ogg-vorbis: bf7c407c2cedff20999df2af8eb42d56 -> 
========================================================================
Received Import Request.
  Time since last request: 12162.108805 seconds.
  path: Assets/Asset Packs/Synty - Polygon Student Sample/Textures
  artifactKey: Guid(69f0c89bdffd4d046a658488a10c71a9) Importer(815301076,1909f56bfc062723c751e8b465ee728b)
Start importing Assets/Asset Packs/Synty - Polygon Student Sample/Textures using Guid(69f0c89bdffd4d046a658488a10c71a9) Importer(815301076,1909f56bfc062723c751e8b465ee728b)  -> (artifact id: '801fbc2d3006009e193386545c2e415b') in 0.008537 seconds 
========================================================================
Received Import Request.
  Time since last request: 4.012345 seconds.
  path: Assets/Asset Packs/Animations
  artifactKey: Guid(f5b4f1a838db6e64ba1808385a89555d) Importer(815301076,1909f56bfc062723c751e8b465ee728b)
Start importing Assets/Asset Packs/Animations using Guid(f5b4f1a838db6e64ba1808385a89555d) Importer(815301076,1909f56bfc062723c751e8b465ee728b)  -> (artifact id: '7b0916ba2474d959a38ad13642432e9f') in 0.002176 seconds 
========================================================================
Received Import Request.
  Time since last request: 11.997378 seconds.
  path: Assets/Asset Packs/Terrain Textures/NewLayer 1.terrainlayer
  artifactKey: Guid(6cc076aae45084cac8bfc9ee845b0f99) Importer(815301076,1909f56bfc062723c751e8b465ee728b)
Start importing Assets/Asset Packs/Terrain Textures/NewLayer 1.terrainlayer using Guid(6cc076aae45084cac8bfc9ee845b0f99) Importer(815301076,1909f56bfc062723c751e8b465ee728b)  -> (artifact id: '15d82bd8ed4674bc3a0d1274bd301eec') in 0.452609 seconds 
========================================================================
Received Import Request.
  Time since last request: 0.000040 seconds.
  path: Assets/Asset Packs/Terrain Textures/NewLayer 4.terrainlayer
  artifactKey: Guid(9728d287c821a4ef8b6f35275764b720) Importer(815301076,1909f56bfc062723c751e8b465ee728b)
Start importing Assets/Asset Packs/Terrain Textures/NewLayer 4.terrainlayer using Guid(9728d287c821a4ef8b6f35275764b720) Importer(815301076,1909f56bfc062723c751e8b465ee728b)  -> (artifact id: '1fbcea192fdbe2d41dc6075f809f1312') in 0.001600 seconds 
========================================================================
Received Import Request.
  Time since last request: 0.000027 seconds.
  path: Assets/Asset Packs/Terrain Textures/NewLayer.terrainlayer
  artifactKey: Guid(a952cec79f2d34474840b753304c100e) Importer(815301076,1909f56bfc062723c751e8b465ee728b)
Start importing Assets/Asset Packs/Terrain Textures/NewLayer.terrainlayer using Guid(a952cec79f2d34474840b753304c100e) Importer(815301076,1909f56bfc062723c751e8b465ee728b)  -> (artifact id: '080950a759ddb794676adc148fe03ec9') in 0.000934 seconds 
========================================================================
Received Import Request.
  Time since last request: 0.000038 seconds.
  path: Assets/Asset Packs/Terrain Textures/NewLayer 5.terrainlayer
  artifactKey: Guid(5ebd7221ce24b426fa54f9300b23fa1e) Importer(815301076,1909f56bfc062723c751e8b465ee728b)
Start importing Assets/Asset Packs/Terrain Textures/NewLayer 5.terrainlayer using Guid(5ebd7221ce24b426fa54f9300b23fa1e) Importer(815301076,1909f56bfc062723c751e8b465ee728b)  -> (artifact id: '22296b3f3ba214cd68eac00d3f9fec2c') in 0.001012 seconds 
========================================================================
Received Import Request.
  Time since last request: 3.032203 seconds.
  path: Assets/Asset Packs/Synty - Polygon Student Sample/Models/Characters_POLYGON_Knights.fbx
  artifactKey: Guid(d288a0e4a2d923b46898986e979da643) Importer(815301076,1909f56bfc062723c751e8b465ee728b)
Start importing Assets/Asset Packs/Synty - Polygon Student Sample/Models/Characters_POLYGON_Knights.fbx using Guid(d288a0e4a2d923b46898986e979da643) Importer(815301076,1909f56bfc062723c751e8b465ee728b)  -> (artifact id: 'e3fcfae83177c30c33b67bf8af422747') in 0.156967 seconds 
========================================================================
Received Import Request.
  Time since last request: 0.000040 seconds.
  path: Assets/Asset Packs/Synty - Polygon Student Sample/Models/SM_Env_GroundMounds_01.fbx
  artifactKey: Guid(ea062f9137b754e43a827c5d1333c73d) Importer(815301076,1909f56bfc062723c751e8b465ee728b)
Start importing Assets/Asset Packs/Synty - Polygon Student Sample/Models/SM_Env_GroundMounds_01.fbx using Guid(ea062f9137b754e43a827c5d1333c73d) Importer(815301076,1909f56bfc062723c751e8b465ee728b)  -> (artifact id: 'f34be767cc2f09835276fc99095c3fd1') in 0.006622 seconds 
========================================================================
Received Import Request.
  Time since last request: 0.000034 seconds.
  path: Assets/Asset Packs/Synty - Polygon Student Sample/Models/SM_Env_Bush_01.fbx
  artifactKey: Guid(e2d826462c94d6e40a1f35019c74ad10) Importer(815301076,1909f56bfc062723c751e8b465ee728b)
Start importing Assets/Asset Packs/Synty - Polygon Student Sample/Models/SM_Env_Bush_01.fbx using Guid(e2d826462c94d6e40a1f35019c74ad10) Importer(815301076,1909f56bfc062723c751e8b465ee728b)  -> (artifact id: '8eac861aaf3162f2493e0362c8361406') in 0.005877 seconds 
========================================================================
Received Import Request.
  Time since last request: 0.000030 seconds.
  path: Assets/Asset Packs/Synty - Polygon Student Sample/Models/SM_Prop_Pumpkin_01.fbx
  artifactKey: Guid(d671f15d904c3f64e8c432542700c1f4) Importer(815301076,1909f56bfc062723c751e8b465ee728b)
Start importing Assets/Asset Packs/Synty - Polygon Student Sample/Models/SM_Prop_Pumpkin_01.fbx using Guid(d671f15d904c3f64e8c432542700c1f4) Importer(815301076,1909f56bfc062723c751e8b465ee728b)  -> (artifact id: 'ecfde5e149ab1cfa20268b465d68de43') in 0.005488 seconds 
========================================================================
Received Import Request.
  Time since last request: 0.000046 seconds.
  path: Assets/Asset Packs/Synty - Polygon Student Sample/Models/SM_Env_Grass_Large_01.fbx
  artifactKey: Guid(d4a5410c829a9a645a530d28941d3ceb) Importer(815301076,1909f56bfc062723c751e8b465ee728b)
Start importing Assets/Asset Packs/Synty - Polygon Student Sample/Models/SM_Env_Grass_Large_01.fbx using Guid(d4a5410c829a9a645a530d28941d3ceb) Importer(815301076,1909f56bfc062723c751e8b465ee728b)  -> (artifact id: 'cd040a76f77bb60796a1303e885c2b67') in 0.005572 seconds 
========================================================================
Received Import Request.
  Time since last request: 0.000039 seconds.
  path: Assets/Asset Packs/Synty - Polygon Student Sample/Models/SM_Env_Hill_01.fbx
  artifactKey: Guid(431b36823ded13045a11c1a72a569697) Importer(815301076,1909f56bfc062723c751e8b465ee728b)
Start importing Assets/Asset Packs/Synty - Polygon Student Sample/Models/SM_Env_Hill_01.fbx using Guid(431b36823ded13045a11c1a72a569697) Importer(815301076,1909f56bfc062723c751e8b465ee728b)  -> (artifact id: 'dad29375810e464b6c61c343a9ab0835') in 0.005832 seconds 
========================================================================
Received Import Request.
  Time since last request: 0.000063 seconds.
  path: Assets/Asset Packs/Synty - Polygon Student Sample/Models/SM_Bld_House_Roof_Wood_01.fbx
  artifactKey: Guid(77b34bb6ede1cbe408ac8dbcd04298c0) Importer(815301076,1909f56bfc062723c751e8b465ee728b)
Start importing Assets/Asset Packs/Synty - Polygon Student Sample/Models/SM_Bld_House_Roof_Wood_01.fbx using Guid(77b34bb6ede1cbe408ac8dbcd04298c0) Importer(815301076,1909f56bfc062723c751e8b465ee728b)  -> (artifact id: '924b50eab3e6347157bfbf561ee461f3') in 0.006675 seconds 
========================================================================
Received Import Request.
  Time since last request: 0.000035 seconds.
  path: Assets/Asset Packs/Synty - Polygon Student Sample/Models/SM_Bld_Village_02.fbx
  artifactKey: Guid(7cdd4aad661174e418cd81a99eccb1bc) Importer(815301076,1909f56bfc062723c751e8b465ee728b)
Start importing Assets/Asset Packs/Synty - Polygon Student Sample/Models/SM_Bld_Village_02.fbx using Guid(7cdd4aad661174e418cd81a99eccb1bc) Importer(815301076,1909f56bfc062723c751e8b465ee728b)  -> (artifact id: 'c3fad15757e98a1675a254c422103e4c') in 0.006619 seconds 
========================================================================
Received Import Request.
  Time since last request: 0.000038 seconds.
  path: Assets/Asset Packs/Synty - Polygon Student Sample/Models/SM_Env_Tile_Grass_01.fbx
  artifactKey: Guid(6f89b704fb389db48aafe49efde83db6) Importer(815301076,1909f56bfc062723c751e8b465ee728b)
Start importing Assets/Asset Packs/Synty - Polygon Student Sample/Models/SM_Env_Tile_Grass_01.fbx using Guid(6f89b704fb389db48aafe49efde83db6) Importer(815301076,1909f56bfc062723c751e8b465ee728b)  -> (artifact id: '825ea082ca1951672e9d2430c8b2dcb3') in 0.005746 seconds 
========================================================================
Received Import Request.
  Time since last request: 0.000040 seconds.
  path: Assets/Asset Packs/Synty - Polygon Student Sample/Models/SM_Bld_House_Base_01.fbx
  artifactKey: Guid(3575b401828b93647871254a386a8c57) Importer(815301076,1909f56bfc062723c751e8b465ee728b)
Start importing Assets/Asset Packs/Synty - Polygon Student Sample/Models/SM_Bld_House_Base_01.fbx using Guid(3575b401828b93647871254a386a8c57) Importer(815301076,1909f56bfc062723c751e8b465ee728b)  -> (artifact id: 'bf1e2aa23ba404057ab2ac4b5fe2c3ee') in 0.006840 seconds 
========================================================================
Received Import Request.
  Time since last request: 0.000047 seconds.
  path: Assets/Asset Packs/Synty - Polygon Student Sample/Models/SM_Bld_Hut_01.fbx
  artifactKey: Guid(92f411609fca4d74d98af8e1bd1d4732) Importer(815301076,1909f56bfc062723c751e8b465ee728b)
Start importing Assets/Asset Packs/Synty - Polygon Student Sample/Models/SM_Bld_Hut_01.fbx using Guid(92f411609fca4d74d98af8e1bd1d4732) Importer(815301076,1909f56bfc062723c751e8b465ee728b)  -> (artifact id: 'b64197f9f884c0db7a28fc20e12a3458') in 0.006299 seconds 
========================================================================
Received Import Request.
  Time since last request: 133.595417 seconds.
  path: Assets/Asset Packs/Synty - Polygon Student Sample/Models/NewLayer 1.terrainlayer
  artifactKey: Guid(5e6f9141779234a92b3d8e29323d1c42) Importer(815301076,1909f56bfc062723c751e8b465ee728b)
Start importing Assets/Asset Packs/Synty - Polygon Student Sample/Models/NewLayer 1.terrainlayer using Guid(5e6f9141779234a92b3d8e29323d1c42) Importer(815301076,1909f56bfc062723c751e8b465ee728b)  -> (artifact id: '1a1f6b84f4c87d441cefc39a54e74585') in 0.005794 seconds 
========================================================================
Received Import Request.
  Time since last request: 0.000072 seconds.
  path: Assets/Asset Packs/Synty - Polygon Student Sample/Models/NewLayer.terrainlayer
  artifactKey: Guid(c9a4c990f708e4e1da552132d44a5516) Importer(815301076,1909f56bfc062723c751e8b465ee728b)
Start importing Assets/Asset Packs/Synty - Polygon Student Sample/Models/NewLayer.terrainlayer using Guid(c9a4c990f708e4e1da552132d44a5516) Importer(815301076,1909f56bfc062723c751e8b465ee728b)  -> (artifact id: '892469b27d4d003891f669ae35b5a3b3') in 0.005953 seconds 
========================================================================
Received Import Request.
  Time since last request: 0.000052 seconds.
  path: Assets/Asset Packs/Synty - Polygon Student Sample/Models/NewLayer 6.terrainlayer
  artifactKey: Guid(76d470e3a67084e488586d2cb9e9dad5) Importer(815301076,1909f56bfc062723c751e8b465ee728b)
Start importing Assets/Asset Packs/Synty - Polygon Student Sample/Models/NewLayer 6.terrainlayer using Guid(76d470e3a67084e488586d2cb9e9dad5) Importer(815301076,1909f56bfc062723c751e8b465ee728b)  -> (artifact id: '170ecc3cfdcc99b53ece5645d5ec15ca') in 0.004307 seconds 
========================================================================
Received Import Request.
  Time since last request: 0.000047 seconds.
  path: Assets/Asset Packs/Synty - Polygon Student Sample/Models/NewLayer 4.terrainlayer
  artifactKey: Guid(0ad19a09dd074456f9343823f1e19d4a) Importer(815301076,1909f56bfc062723c751e8b465ee728b)
Start importing Assets/Asset Packs/Synty - Polygon Student Sample/Models/NewLayer 4.terrainlayer using Guid(0ad19a09dd074456f9343823f1e19d4a) Importer(815301076,1909f56bfc062723c751e8b465ee728b)  -> (artifact id: '1b369c63472237f577e88a2b04d79ffb') in 0.003858 seconds 
========================================================================
Received Import Request.
  Time since last request: 140.709408 seconds.
  path: Assets/Asset Packs/Synty - Polygon Student Sample/Prefabs/SM_Env_Grass_Large_01.prefab
  artifactKey: Guid(dce1a891bc9f6744f8c11b28a4bf775d) Importer(815301076,1909f56bfc062723c751e8b465ee728b)
Start importing Assets/Asset Packs/Synty - Polygon Student Sample/Prefabs/SM_Env_Grass_Large_01.prefab using Guid(dce1a891bc9f6744f8c11b28a4bf775d) Importer(815301076,1909f56bfc062723c751e8b465ee728b)  -> (artifact id: '9c2248799dbe9d738fefc18c18848c67') in 0.028347 seconds 
========================================================================
Received Import Request.
  Time since last request: 0.000049 seconds.
  path: Assets/Asset Packs/Synty - Polygon Student Sample/Prefabs/SM_Env_Water.prefab
  artifactKey: Guid(fb4e0b01a8eccf24c9e5ca4c30a9b2be) Importer(815301076,1909f56bfc062723c751e8b465ee728b)
Start importing Assets/Asset Packs/Synty - Polygon Student Sample/Prefabs/SM_Env_Water.prefab using Guid(fb4e0b01a8eccf24c9e5ca4c30a9b2be) Importer(815301076,1909f56bfc062723c751e8b465ee728b)  -> (artifact id: '09c0c88e39dedf4070441bebb8418577') in 0.026102 seconds 
========================================================================
Received Import Request.
  Time since last request: 512.676118 seconds.
  path: Assets/New Terrain 1.asset
  artifactKey: Guid(fc4475be10ad146adada8696b48fdf5a) Importer(815301076,1909f56bfc062723c751e8b465ee728b)
Start importing Assets/New Terrain 1.asset using Guid(fc4475be10ad146adada8696b48fdf5a) Importer(815301076,1909f56bfc062723c751e8b465ee728b) The tree SM_Env_Tree_03 must use the Nature/Soft Occlusion shader. Otherwise billboarding/lighting will not work correctly.
The tree SM_Env_Tree_010 must use the Nature/Soft Occlusion shader. Otherwise billboarding/lighting will not work correctly.
The tree SM_Env_Bush_01 must use the Nature/Soft Occlusion shader. Otherwise billboarding/lighting will not work correctly.
 -> (artifact id: '60fecdb162595aa7ac5fad1f65868139') in 0.034183 seconds 
========================================================================
Received Import Request.
  Time since last request: 179.680006 seconds.
  path: Assets/Player.prefab
  artifactKey: Guid(365748b0ddae34c7387db8097f649515) Importer(815301076,1909f56bfc062723c751e8b465ee728b)
Start importing Assets/Player.prefab using Guid(365748b0ddae34c7387db8097f649515) Importer(815301076,1909f56bfc062723c751e8b465ee728b)  -> (artifact id: '9336bfe083d590a49fb2b055e402efb7') in 0.014274 seconds 
========================================================================
Received Import Request.
  Time since last request: 29.667105 seconds.
  path: Assets/New Terrain 1.asset
  artifactKey: Guid(fc4475be10ad146adada8696b48fdf5a) Importer(815301076,1909f56bfc062723c751e8b465ee728b)
Start importing Assets/New Terrain 1.asset using Guid(fc4475be10ad146adada8696b48fdf5a) Importer(815301076,1909f56bfc062723c751e8b465ee728b) The tree SM_Env_Tree_03 must use the Nature/Soft Occlusion shader. Otherwise billboarding/lighting will not work correctly.
The tree SM_Env_Tree_010 must use the Nature/Soft Occlusion shader. Otherwise billboarding/lighting will not work correctly.
The tree SM_Env_Bush_01 must use the Nature/Soft Occlusion shader. Otherwise billboarding/lighting will not work correctly.
 -> (artifact id: '83363b05b841277e489f966db6335c4e') in 0.013787 seconds 
========================================================================
Received Prepare
Registering precompiled user dll's ...
Registered in 0.001443 seconds.
Begin MonoManager ReloadAssembly
Thread 0x2a1563000 may have been prematurely finalized
Symbol file LoadedFromMemory doesn't match image /Users/pajsaraf/Documents/GitHub/MacRPG-TAB/MacRPG-TAB/Library/PackageCache/com.unity.visualscripting@1.8.0/Editor/VisualScripting.Core/Dependencies/YamlDotNet/Unity.VisualScripting.YamlDotNet.dll
Symbol file LoadedFromMemory doesn't match image /Users/pajsaraf/Documents/GitHub/MacRPG-TAB/MacRPG-TAB/Library/PackageCache/com.unity.visualscripting@1.8.0/Editor/VisualScripting.Core/Dependencies/DotNetZip/Unity.VisualScripting.IonicZip.dll
Native extension for WindowsStandalone target not found
Native extension for AppleTV target not found
Native extension for iOS target not found
Native extension for OSXStandalone target not found
Native extension for WebGL target not found
Refreshing native plugins compatible for Editor in 0.47 ms, found 2 plugins.
Preloading 0 native plugins for Editor in 0.00 ms.
Mono: successfully reloaded assembly
- Completed reload, in  0.530 seconds
Domain Reload Profiling:
	ReloadAssembly (531ms)
		BeginReloadAssembly (72ms)
			ExecutionOrderSort (0ms)
			DisableScriptedObjects (2ms)
			BackupInstance (0ms)
			ReleaseScriptingObjects (0ms)
			CreateAndSetChildDomain (30ms)
		EndReloadAssembly (404ms)
			LoadAssemblies (24ms)
			RebuildTransferFunctionScriptingTraits (0ms)
			SetupTypeCache (153ms)
			ReleaseScriptCaches (1ms)
			RebuildScriptCaches (24ms)
			SetupLoadedEditorAssemblies (174ms)
				LogAssemblyErrors (0ms)
				InitializePlatformSupportModulesInManaged (16ms)
				SetLoadedEditorAssemblies (1ms)
				RefreshPlugins (0ms)
				BeforeProcessingInitializeOnLoad (34ms)
				ProcessInitializeOnLoadAttributes (112ms)
				ProcessInitializeOnLoadMethodAttributes (9ms)
				AfterProcessingInitializeOnLoad (1ms)
				EditorAssembliesLoaded (0ms)
			ExecutionOrderSort2 (0ms)
			AwakeInstancesAfterBackupRestoration (2ms)
Platform modules already initialized, skipping
Refreshing native plugins compatible for Editor in 0.72 ms, found 2 plugins.
Preloading 0 native plugins for Editor in 0.00 ms.
Unloading 3044 Unused Serialized files (Serialized files now loaded: 0)
Unloading 17 unused Assets / (64.9 KB). Loaded Objects now: 3548.
Memory consumption went from 146.5 MB to 146.4 MB.
Total: 2.065875 ms (FindLiveObjects: 0.101250 ms CreateObjectMapping: 0.034708 ms MarkObjects: 1.868334 ms  DeleteObjects: 0.061042 ms)

AssetImportParameters requested are different than current active one (requested -> active):
  custom:video-decoder-ogg-theora: a1e56fd34408186e4bbccfd4996cb3dc -> 
  custom:container-muxer-webm: aa71ff27fc2769a1b78a27578f13a17b -> 
  custom:container-demuxer-webm: 4f35f7cbe854078d1ac9338744f61a02 -> 
  custom:video-encoder-webm-vp8: eb34c28f22e8b96e1ab97ce403110664 -> 
  custom:framework-osx-AVFoundation: e770b220cccbd017edd2c1fefb359320 -> 
  custom:audio-encoder-webm-vorbis: bf7c407c2cedff20999df2af8eb42d56 -> 
  custom:container-demuxer-ogg: 62fdf1f143b41e24485cea50d1cbac27 -> 
  custom:video-decoder-webm-vp8: 9c59270c3fd7afecdb556c50c9e8de78 -> 
  custom:audio-decoder-ogg-vorbis: bf7c407c2cedff20999df2af8eb42d56 -> 
========================================================================
Received Prepare
Registering precompiled user dll's ...
Registered in 0.001442 seconds.
Begin MonoManager ReloadAssembly
Thread 0x29295f000 may have been prematurely finalized
Symbol file LoadedFromMemory doesn't match image /Users/pajsaraf/Documents/GitHub/MacRPG-TAB/MacRPG-TAB/Library/PackageCache/com.unity.visualscripting@1.8.0/Editor/VisualScripting.Core/Dependencies/YamlDotNet/Unity.VisualScripting.YamlDotNet.dll
Symbol file LoadedFromMemory doesn't match image /Users/pajsaraf/Documents/GitHub/MacRPG-TAB/MacRPG-TAB/Library/PackageCache/com.unity.visualscripting@1.8.0/Editor/VisualScripting.Core/Dependencies/DotNetZip/Unity.VisualScripting.IonicZip.dll
Native extension for WindowsStandalone target not found
Native extension for AppleTV target not found
Native extension for iOS target not found
Native extension for OSXStandalone target not found
Native extension for WebGL target not found
Refreshing native plugins compatible for Editor in 0.38 ms, found 2 plugins.
Preloading 0 native plugins for Editor in 0.00 ms.
Mono: successfully reloaded assembly
- Completed reload, in  0.550 seconds
Domain Reload Profiling:
	ReloadAssembly (550ms)
		BeginReloadAssembly (72ms)
			ExecutionOrderSort (0ms)
			DisableScriptedObjects (3ms)
			BackupInstance (0ms)
			ReleaseScriptingObjects (0ms)
			CreateAndSetChildDomain (28ms)
		EndReloadAssembly (425ms)
			LoadAssemblies (26ms)
			RebuildTransferFunctionScriptingTraits (0ms)
			SetupTypeCache (154ms)
			ReleaseScriptCaches (1ms)
			RebuildScriptCaches (25ms)
			SetupLoadedEditorAssemblies (190ms)
				LogAssemblyErrors (0ms)
				InitializePlatformSupportModulesInManaged (15ms)
				SetLoadedEditorAssemblies (0ms)
				RefreshPlugins (0ms)
				BeforeProcessingInitializeOnLoad (37ms)
				ProcessInitializeOnLoadAttributes (126ms)
				ProcessInitializeOnLoadMethodAttributes (10ms)
				AfterProcessingInitializeOnLoad (1ms)
				EditorAssembliesLoaded (0ms)
			ExecutionOrderSort2 (0ms)
			AwakeInstancesAfterBackupRestoration (2ms)
Platform modules already initialized, skipping
Refreshing native plugins compatible for Editor in 0.80 ms, found 2 plugins.
Preloading 0 native plugins for Editor in 0.00 ms.
Unloading 3044 Unused Serialized files (Serialized files now loaded: 0)
Unloading 17 unused Assets / (64.9 KB). Loaded Objects now: 3551.
Memory consumption went from 146.5 MB to 146.4 MB.
Total: 1.970125 ms (FindLiveObjects: 0.095500 ms CreateObjectMapping: 0.033333 ms MarkObjects: 1.767084 ms  DeleteObjects: 0.073708 ms)

AssetImportParameters requested are different than current active one (requested -> active):
  custom:video-decoder-ogg-theora: a1e56fd34408186e4bbccfd4996cb3dc -> 
  custom:container-muxer-webm: aa71ff27fc2769a1b78a27578f13a17b -> 
  custom:container-demuxer-webm: 4f35f7cbe854078d1ac9338744f61a02 -> 
  custom:video-encoder-webm-vp8: eb34c28f22e8b96e1ab97ce403110664 -> 
  custom:framework-osx-AVFoundation: e770b220cccbd017edd2c1fefb359320 -> 
  custom:audio-encoder-webm-vorbis: bf7c407c2cedff20999df2af8eb42d56 -> 
  custom:container-demuxer-ogg: 62fdf1f143b41e24485cea50d1cbac27 -> 
  custom:video-decoder-webm-vp8: 9c59270c3fd7afecdb556c50c9e8de78 -> 
  custom:audio-decoder-ogg-vorbis: bf7c407c2cedff20999df2af8eb42d56 -> 
